This is XeTeX, Version 3.1415926-2.2-0.9995.2 (TeX Live 2009/Debian) (format=xelatex 2011.7.18)  21 JUL 2011 22:42
entering extended mode
 %&-line parsing enabled.
**Vazou-Mpakali-crypto11.tex
(./Vazou-Mpakali-crypto11.tex
LaTeX2e <2009/09/24>
Babel <v3.8l> and hyphenation patterns for english, usenglishmax, dumylang, noh
yphenation, ibycus, monogreek, greek, ancientgreek, loaded.
(./CryptoPreambleErg_gr.tex
(/usr/share/texmf-texlive/tex/latex/base/article.cls
Document Class: article 2007/10/19 v1.4h Standard LaTeX document class
(/usr/share/texmf-texlive/tex/latex/base/size11.clo
File: size11.clo 2007/10/19 v1.4h Standard LaTeX file (size option)
)
\c@part=\count80
\c@section=\count81
\c@subsection=\count82
\c@subsubsection=\count83
\c@paragraph=\count84
\c@subparagraph=\count85
\c@figure=\count86
\c@table=\count87
\abovecaptionskip=\skip41
\belowcaptionskip=\skip42
\bibindent=\dimen102
)
(/usr/share/texmf-texlive/tex/latex/amsmath/amsmath.sty
Package: amsmath 2000/07/18 v2.13 AMS math features
\@mathmargin=\skip43

For additional information on amsmath, use the `?' option.
(/usr/share/texmf-texlive/tex/latex/amsmath/amstext.sty
Package: amstext 2000/06/29 v2.01

(/usr/share/texmf-texlive/tex/latex/amsmath/amsgen.sty
File: amsgen.sty 1999/11/30 v2.0
\@emptytoks=\toks14
\ex@=\dimen103
))
(/usr/share/texmf-texlive/tex/latex/amsmath/amsbsy.sty
Package: amsbsy 1999/11/29 v1.2d
\pmbraise@=\dimen104
)
(/usr/share/texmf-texlive/tex/latex/amsmath/amsopn.sty
Package: amsopn 1999/12/14 v2.01 operator names
)
\inf@bad=\count88
LaTeX Info: Redefining \frac on input line 211.
\uproot@=\count89
\leftroot@=\count90
LaTeX Info: Redefining \overline on input line 307.
\classnum@=\count91
\DOTSCASE@=\count92
LaTeX Info: Redefining \ldots on input line 379.
LaTeX Info: Redefining \dots on input line 382.
LaTeX Info: Redefining \cdots on input line 467.
\Mathstrutbox@=\box26
\strutbox@=\box27
\big@size=\dimen105
LaTeX Font Info:    Redeclaring font encoding OML on input line 567.
LaTeX Font Info:    Redeclaring font encoding OMS on input line 568.
\macc@depth=\count93
\c@MaxMatrixCols=\count94
\dotsspace@=\muskip10
\c@parentequation=\count95
\dspbrk@lvl=\count96
\tag@help=\toks15
\row@=\count97
\column@=\count98
\maxfields@=\count99
\andhelp@=\toks16
\eqnshift@=\dimen106
\alignsep@=\dimen107
\tagshift@=\dimen108
\tagwidth@=\dimen109
\totwidth@=\dimen110
\lineht@=\dimen111
\@envbody=\toks17
\multlinegap=\skip44
\multlinetaggap=\skip45
\mathdisplay@stack=\toks18
LaTeX Info: Redefining \[ on input line 2666.
LaTeX Info: Redefining \] on input line 2667.
)
(/usr/share/texmf-texlive/tex/latex/amsfonts/amssymb.sty
Package: amssymb 2009/06/22 v3.00

(/usr/share/texmf-texlive/tex/latex/amsfonts/amsfonts.sty
Package: amsfonts 2009/06/22 v3.00 Basic AMSFonts support
\symAMSa=\mathgroup4
\symAMSb=\mathgroup5
LaTeX Font Info:    Overwriting math alphabet `\mathfrak' in version `bold'
(Font)                  U/euf/m/n --> U/euf/b/n on input line 96.
))
(/usr/share/texmf-texlive/tex/latex/amscls/amsthm.sty
Package: amsthm 2004/08/06 v2.20
\thm@style=\toks19
\thm@bodyfont=\toks20
\thm@headfont=\toks21
\thm@notefont=\toks22
\thm@headpunct=\toks23
\thm@preskip=\skip46
\thm@postskip=\skip47
\thm@headsep=\skip48
\dth@everypar=\toks24
)
(/usr/share/texmf-texlive/tex/latex/tools/array.sty
Package: array 2008/09/09 v2.4c Tabular extension package (FMi)
\col@sep=\dimen112
\extrarowheight=\dimen113
\NC@list=\toks25
\extratabsurround=\skip49
\backup@length=\skip50
)
(/usr/share/texmf-texlive/tex/latex/phonetic/phonetic.sty
\temp=\dimen114
)
(/usr/share/texmf-texlive/tex/generic/xypic/xy.sty
(/usr/share/texmf-texlive/tex/generic/xypic/xy.tex Bootstrap'ing: catcodes,
docmode, (/usr/share/texmf-texlive/tex/generic/xypic/xyrecat.tex)
(/usr/share/texmf-texlive/tex/generic/xypic/xyidioms.tex)

 Xy-pic version 3.7 <1999/02/16>
 Copyright (c) 1991-1998 by Kristoffer H. Rose <krisrose@ens-lyon.fr>
 Xy-pic is free software: see the User's Guide for details.

Loading kernel: messages; fonts; allocations: state,
\X@c=\dimen115
\Y@c=\dimen116
\U@c=\dimen117
\D@c=\dimen118
\L@c=\dimen119
\R@c=\dimen120
\Edge@c=\toks26
\X@p=\dimen121
\Y@p=\dimen122
\U@p=\dimen123
\D@p=\dimen124
\L@p=\dimen125
\R@p=\dimen126
\Edge@p=\toks27
\X@origin=\dimen127
\Y@origin=\dimen128
\X@xbase=\dimen129
\Y@xbase=\dimen130
\X@ybase=\dimen131
\Y@ybase=\dimen132
\X@min=\dimen133
\Y@min=\dimen134
\X@max=\dimen135
\Y@max=\dimen136
\lastobjectbox@=\box28
\zerodotbox@=\box29
\almostz@=\dimen137
 direction,
\d@X=\dimen138
\d@Y=\dimen139
\K@=\count100
\KK@=\count101
\Direction=\count102
\K@dXdY=\dimen140
\K@dYdX=\dimen141
\xyread@=\read1
\xywrite@=\write3
\csp@=\count103
\quotPTK@=\dimen142

utility macros; pictures: \xy, positions,
\swaptoks@@=\toks28
\connectobjectbox@@=\box30
 objects,
\styletoks@=\toks29
 decorations;
kernel objects: directionals, circles, text; options; algorithms: directions,
edges, connections;  Xy-pic loaded)
Package: xy 1999/02/16 Xy-pic version 3.7

(/usr/share/texmf-texlive/tex/generic/xypic/xyall.tex
 Xy-pic option: All features v.3.3
(/usr/share/texmf-texlive/tex/generic/xypic/xycurve.tex
 Xy-pic option: Curve and Spline extension v.3.7 curve,
\crv@cnt@=\count104
\crvpts@=\toks30
\splinebox@=\box31
\splineval@=\dimen143
\splinedepth@=\dimen144
\splinetol@=\dimen145
\splinelength@=\dimen146
 circles,
\L@=\dimen147
 loaded)
(/usr/share/texmf-texlive/tex/generic/xypic/xyframe.tex
 Xy-pic option: Frame and Bracket extension v.3.7 loaded)
(/usr/share/texmf-texlive/tex/generic/xypic/xycmtip.tex
 Xy-pic option: Computer Modern tip extension v.3.3
(/usr/share/texmf-texlive/tex/generic/xypic/xytips.tex
 Xy-pic option: More Tips extension v.3.3 loaded) loaded)
(/usr/share/texmf-texlive/tex/generic/xypic/xyline.tex
 Xy-pic option: Line styles extension v.3.6
\xylinethick@=\dimen148
 loaded)
(/usr/share/texmf-texlive/tex/generic/xypic/xyrotate.tex
 Xy-pic option: Rotate and Scale extension v.3.3 loaded)
(/usr/share/texmf-texlive/tex/generic/xypic/xycolor.tex
 Xy-pic option: Colour extension v.3.3 loaded)
(/usr/share/texmf-texlive/tex/generic/xypic/xymatrix.tex
 Xy-pic option: Matrix feature v.3.4
\Row=\count105
\Col=\count106
\queue@=\toks31
\queue@@=\toks32
\qcount@=\count107
\qcount@@=\count108
\matrixsize@=\count109
 loaded)
(/usr/share/texmf-texlive/tex/generic/xypic/xyarrow.tex
 Xy-pic option: Arrow and Path feature v.3.5 path, \ar, loaded)
(/usr/share/texmf-texlive/tex/generic/xypic/xygraph.tex
 Xy-pic option: Graph feature v.3.7 loaded) loaded))
(/usr/share/texmf-texlive/tex/latex/fancyhdr/fancyhdr.sty
\fancy@headwidth=\skip51
\f@ncyO@elh=\skip52
\f@ncyO@erh=\skip53
\f@ncyO@olh=\skip54
\f@ncyO@orh=\skip55
\f@ncyO@elf=\skip56
\f@ncyO@erf=\skip57
\f@ncyO@olf=\skip58
\f@ncyO@orf=\skip59
)
(/usr/share/texmf-texlive/tex/latex/fancybox/fancybox.sty
Package: fancybox 2000/09/19 1.3

Style option: `fancybox' v1.3 <2000/09/19> (tvz)
\@fancybox=\box32
\shadowsize=\dimen149
\@Sbox=\box33
\do@VerbBox=\toks33
\the@fancyput=\toks34
\this@fancyput=\toks35
\EndVerbatimTokens=\toks36
\Verbatim@Outfile=\write4
\Verbatim@Infile=\read2
) (/usr/share/texmf-texlive/tex/latex/amsfonts/euscript.sty
Package: euscript 2009/06/22 v3.00 Euler Script fonts
LaTeX Font Info:    Overwriting math alphabet `\EuScript' in version `bold'
(Font)                  U/eus/m/n --> U/eus/b/n on input line 33.
)
(/usr/share/texmf-texlive/tex/latex/graphics/graphicx.sty
Package: graphicx 1999/02/16 v1.0f Enhanced LaTeX Graphics (DPC,SPQR)

(/usr/share/texmf-texlive/tex/latex/graphics/keyval.sty
Package: keyval 1999/03/16 v1.13 key=value parser (DPC)
\KV@toks@=\toks37
)
(/usr/share/texmf-texlive/tex/latex/graphics/graphics.sty
Package: graphics 2009/02/05 v1.0o Standard LaTeX Graphics (DPC,SPQR)

(/usr/share/texmf-texlive/tex/latex/graphics/trig.sty
Package: trig 1999/03/16 v1.09 sin cos tan (DPC)
)
(/etc/texmf/tex/latex/config/graphics.cfg
File: graphics.cfg 2009/08/28 v1.8 graphics configuration of TeX Live
)
Package graphics Info: Driver file: xetex.def on input line 91.

(/usr/share/texmf-texlive/tex/xelatex/xetex-def/xetex.def
File: xetex.def 2009/11/22 v0.94 LaTeX color/graphics driver for XeTeX (RRM/JK)

))
\Gin@req@height=\dimen150
\Gin@req@width=\dimen151
)
(/usr/share/texmf-texlive/tex/latex/tools/enumerate.sty
Package: enumerate 1999/03/05 v3.00 enumerate extensions (DPC)
\@enLab=\toks38
)
(/usr/share/texmf-texlive/tex/latex/geometry/geometry.sty
Package: geometry 2008/12/21 v4.2 Page Geometry

(/usr/share/texmf-texlive/tex/generic/oberdiek/ifpdf.sty
Package: ifpdf 2009/04/10 v2.0 Provides the ifpdf switch (HO)
Package ifpdf Info: pdfTeX in pdf mode not detected.
)
(/usr/share/texmf-texlive/tex/generic/oberdiek/ifvtex.sty
Package: ifvtex 2008/11/04 v1.4 Switches for detecting VTeX and its modes (HO)
Package ifvtex Info: VTeX not detected.
)
\Gm@cnth=\count110
\Gm@cntv=\count111
\c@Gm@tempcnt=\count112
\Gm@bindingoffset=\dimen152
\Gm@wd@mp=\dimen153
\Gm@odd@mp=\dimen154
\Gm@even@mp=\dimen155
\Gm@dimlist=\toks39

(/usr/share/texmf-texlive/tex/xelatex/xetexconfig/geometry.cfg))
(/usr/share/texmf-texlive/tex/latex/setspace/setspace.sty
Package: setspace 2000/12/01 6.7 Contributed and Supported LaTeX2e package

Package: `setspace' 6.7 <2000/12/01>
) (/usr/share/texmf-texlive/tex/latex/tools/tabularx.sty
Package: tabularx 1999/01/07 v2.07 `tabularx' package (DPC)
\TX@col@width=\dimen156
\TX@old@table=\dimen157
\TX@old@col=\dimen158
\TX@target=\dimen159
\TX@delta=\dimen160
\TX@cols=\count113
\TX@ftn=\toks40
)
(/usr/share/texmf-texlive/tex/xelatex/fontspec/fontspec.sty
Package: fontspec 2008/08/09 v1.18 Advanced font selection for XeLaTeX

(/usr/share/texmf-texlive/tex/generic/ifxetex/ifxetex.sty
Package: ifxetex 2009/01/23 v0.5 Provides ifxetex conditional
)
\c@zf@newff=\count114
\c@zf@index=\count115
\c@zf@script=\count116
\c@zf@language=\count117

(/usr/share/texmf-texlive/tex/latex/tools/calc.sty
Package: calc 2007/08/22 v4.3 Infix arithmetic (KKT,FJ)
\calc@Acount=\count118
\calc@Bcount=\count119
\calc@Adimen=\dimen161
\calc@Bdimen=\dimen162
\calc@Askip=\skip60
\calc@Bskip=\skip61
LaTeX Info: Redefining \setlength on input line 76.
LaTeX Info: Redefining \addtolength on input line 77.
\calc@Ccount=\count120
\calc@Cskip=\skip62
)
(/usr/share/texmf-texlive/tex/latex/xkeyval/xkeyval.sty
Package: xkeyval 2008/08/13 v2.6a package option processing (HA)

(/usr/share/texmf-texlive/tex/generic/xkeyval/xkeyval.tex
\XKV@toks=\toks41
\XKV@tempa@toks=\toks42
\XKV@depth=\count121
File: xkeyval.tex 2008/08/13 v2.6a key=value parser (HA)
))
(/usr/share/texmf-texlive/tex/latex/base/fontenc.sty
Package: fontenc 2005/09/27 v1.99g Standard LaTeX package

(/usr/share/texmf-texlive/tex/xelatex/euenc/eu1enc.def
File: eu1enc.def 2008/03/08 v0.1d Experimental unicode font encoding
)
LaTeX Font Info:    Try loading font information for EU1+lmr on input line 100.


(/usr/share/texmf-texlive/tex/xelatex/euenc/eu1lmr.fd
File: eu1lmr.fd 2007/01/14 v1.3 Font defs for Latin Modern
))
LaTeX Info: Redefining \itshape on input line 1163.
LaTeX Info: Redefining \slshape on input line 1166.
LaTeX Info: Redefining \scshape on input line 1169.
LaTeX Info: Redefining \upshape on input line 1172.

fontspec.cfg loaded.
(/usr/share/texmf-texlive/tex/xelatex/fontspec/fontspec.cfg))
(/usr/share/texmf-texlive/tex/xelatex/xunicode/xunicode.sty
File: xunicode.sty 2008/02/08 v0.91 provides access to latin accents and many o
ther characters in Unicode lower plane
)
(/usr/share/texmf-texlive/tex/xelatex/xltxtra/xltxtra.sty
Package: xltxtra 2009/09/02 v0.5 Improvements for the "XeLaTeX" format

(/usr/share/texmf-texlive/tex/latex/metalogo/metalogo.sty
Package: metalogo 2009/09/04 v0.11 Extended TeX logo macros
\xl@everylogo=\toks43
\xl@@everylogo=\toks44
LaTeX Info: Redefining \TeX on input line 193.
LaTeX Info: Redefining \LaTeX on input line 202.
LaTeX Info: Redefining \LaTeXe on input line 219.
)
(/usr/share/texmf-texlive/tex/latex/etex-pkg/etex.sty
Package: etex 1998/03/26 v2.0 eTeX basic definition package (PEB)
\et@xins=\count122
)
(/usr/share/texmf-texlive/tex/latex/base/fixltx2e.sty
Package: fixltx2e 2006/09/13 v1.1m fixes to LaTeX
LaTeX Info: Redefining \em on input line 420.
LaTeX Info: The control sequence `\[' is already robust on input line 471.
LaTeX Info: The control sequence `\]' is already robust on input line 472.
)
LaTeX Info: Redefining \em on input line 72.
LaTeX Info: Redefining \emph on input line 81.
LaTeX Info: Redefining \- on input line 86.
LaTeX Info: Redefining \textsubscript on input line 105.
LaTeX Info: Redefining \textsuperscript on input line 107.
\xxt@tempbox=\box34
)
(/usr/share/texmf-texlive/tex/xelatex/xgreek/xgreek.sty
File: xgreek.sty 2008/06/22 v2.0 Package `xgreek.sty'

Package `xgreek' version 2.0 by Apostolos Syropoulos
\@attic@num=\count123
)
\c@zf@famc@Ubuntu=\count124
Package fontspec Info: Defining font family for 'Ubuntu' with options [Mapping=
TeX-text] on input line 19.
Font mapping `TeX-text.tec' for font `Ubuntu' not found.

(/usr/share/texmf-texlive/tex/latex/ltxmisc/cancel.sty
Package: cancel 2000/03/12 v2.1 Cancel math terms
)

Package Fancyhdr Warning: \fancyhead's `E' option without twoside option is use
less on input line 89.


Package Fancyhdr Warning: \fancyhead's `E' option without twoside option is use
less on input line 90.

\c@thm=\count125
\c@prop=\count126
\c@dfn=\count127

Package amsthm Warning: Unknown theoremstyle `Lemma' on input line 337.

\c@lemma=\count128
) (./comments.sty Excluding comment 'comment')
(/usr/share/texmf-texlive/tex/latex/graphics/color.sty
Package: color 2005/11/14 v1.0j Standard LaTeX Color (DPC)

(/etc/texmf/tex/latex/config/color.cfg
File: color.cfg 2007/01/18 v1.5 color configuration of teTeX/TeXLive
)
Package color Info: Driver file: xetex.def on input line 130.
)
Package fontspec Info: Defining font family for 'Ubuntu' with options [Mapping=
tex-text,] on input line 30.
Package fontspec Info: FreeMono scale = 1.24701 on input line 32.
\c@zf@famc@FreeMono=\count129
Package fontspec Info: Defining font family for 'FreeMono' with options [Mappin
g=tex-text,Scale=MatchLowercase] on input line 32.
Package fontspec Info: FreeMono scale = 1.24701 on input line 32.
Package fontspec Info: FreeMono/B scale = 1.18993 on input line 32.
Package fontspec Info: FreeMono/I scale = 1.24701 on input line 32.
Package fontspec Info: FreeMono/BI scale = 1.18993 on input line 32.
Package fontspec Info: Liberation Mono scale = 0.98425 on input line 34.
\c@zf@famc@Liberation Mono=\count130
Package fontspec Info: Defining font family for 'Liberation Mono' with options 
[Mapping=tex-text,Scale=MatchLowercase] on input line 34.
Package fontspec Info: Liberation Mono scale = 0.98425 on input line 34.
Package fontspec Info: Liberation Mono/B scale = 0.98425 on input line 34.
Package fontspec Info: Liberation Mono/I scale = 0.98425 on input line 34.
Package fontspec Info: Liberation Mono/BI scale = 0.98425 on input line 34.

(/usr/share/texmf-texlive/tex/latex/listings/listings.sty
\lst@mode=\count131
\lst@gtempboxa=\box35
\lst@token=\toks45
\lst@length=\count132
\lst@currlwidth=\dimen163
\lst@column=\count133
\lst@pos=\count134
\lst@lostspace=\dimen164
\lst@width=\dimen165
\lst@newlines=\count135
\lst@lineno=\count136
\lst@maxwidth=\dimen166

(/usr/share/texmf-texlive/tex/latex/listings/lstmisc.sty
File: lstmisc.sty 2007/02/22 1.4 (Carsten Heinz)
\c@lstnumber=\count137
\lst@skipnumbers=\count138
\lst@framebox=\box36
)
(/usr/share/texmf-texlive/tex/latex/listings/listings.cfg
File: listings.cfg 2007/02/22 1.4 listings configuration
))
Package: listings 2007/02/22 1.4 (Carsten Heinz)

(/usr/share/texmf-texlive/tex/latex/listings/lstlang1.sty
File: lstlang1.sty 2004/09/05 1.3 listings language file
)
(./Vazou-Mpakali-crypto11.aux)
\openout1 = `Vazou-Mpakali-crypto11.aux'.

LaTeX Font Info:    Checking defaults for OML/cmm/m/it on input line 57.
LaTeX Font Info:    ... okay on input line 57.
LaTeX Font Info:    Checking defaults for T1/cmr/m/n on input line 57.
LaTeX Font Info:    ... okay on input line 57.
LaTeX Font Info:    Checking defaults for OT1/cmr/m/n on input line 57.
LaTeX Font Info:    ... okay on input line 57.
LaTeX Font Info:    Checking defaults for OMS/cmsy/m/n on input line 57.
LaTeX Font Info:    ... okay on input line 57.
LaTeX Font Info:    Checking defaults for OMX/cmex/m/n on input line 57.
LaTeX Font Info:    ... okay on input line 57.
LaTeX Font Info:    Checking defaults for U/cmr/m/n on input line 57.
LaTeX Font Info:    ... okay on input line 57.
LaTeX Font Info:    Checking defaults for EU1/lmr/m/n on input line 57.
LaTeX Font Info:    ... okay on input line 57.

*geometry detected driver: pdftex*
-------------------- Geometry parameters
paper: class default
landscape: --
twocolumn: --
twoside: --
asymmetric: --
h-parts: 90.3375pt, 433.62001pt, 90.3375pt
v-parts: 90.3375pt, 614.295pt, 90.3375pt
hmarginratio: --
vmarginratio: --
lines: --
heightrounded: --
bindingoffset: 0.0pt
truedimen: --
includehead: --
includefoot: --
includemp: --
driver: pdftex
-------------------- Page layout dimensions and switches
\paperwidth  614.295pt
\paperheight 794.96999pt
\textwidth  433.62001pt
\textheight 614.295pt
\oddsidemargin  18.0675pt
\evensidemargin 18.0675pt
\topmargin  -18.9325pt
\headheight 12.0pt
\headsep    25.0pt
\footskip   30.0pt
\marginparwidth 59.0pt
\marginparsep   10.0pt
\columnsep  10.0pt
\skip\footins  10.0pt plus 4.0pt minus 2.0pt
\hoffset 0.0pt
\voffset 0.0pt
\mag 1000

(1in=72.27pt, 1cm=28.45pt)
-----------------------
Package fontspec Info: Adjusting the maths setup (use [no-math] to avoid this).
 on input line 57.
\symlegacymaths=\mathgroup6
LaTeX Font Info:    Overwriting symbol font `legacymaths' in version `bold'
(Font)                  OT1/cmr/m/n --> OT1/cmr/bx/n on input line 57.
LaTeX Font Info:    Redeclaring math accent \acute on input line 57.
LaTeX Font Info:    Redeclaring math accent \grave on input line 57.
LaTeX Font Info:    Redeclaring math accent \ddot on input line 57.
LaTeX Font Info:    Redeclaring math accent \tilde on input line 57.
LaTeX Font Info:    Redeclaring math accent \bar on input line 57.
LaTeX Font Info:    Redeclaring math accent \breve on input line 57.
LaTeX Font Info:    Redeclaring math accent \check on input line 57.
LaTeX Font Info:    Redeclaring math accent \hat on input line 57.
LaTeX Font Info:    Redeclaring math accent \dot on input line 57.
LaTeX Font Info:    Redeclaring math accent \mathring on input line 57.
LaTeX Font Info:    Redeclaring math symbol \Gamma on input line 57.
LaTeX Font Info:    Redeclaring math symbol \Delta on input line 57.
LaTeX Font Info:    Redeclaring math symbol \Theta on input line 57.
LaTeX Font Info:    Redeclaring math symbol \Lambda on input line 57.
LaTeX Font Info:    Redeclaring math symbol \Xi on input line 57.
LaTeX Font Info:    Redeclaring math symbol \Pi on input line 57.
LaTeX Font Info:    Redeclaring math symbol \Sigma on input line 57.
LaTeX Font Info:    Redeclaring math symbol \Upsilon on input line 57.
LaTeX Font Info:    Redeclaring math symbol \Phi on input line 57.
LaTeX Font Info:    Redeclaring math symbol \Psi on input line 57.
LaTeX Font Info:    Redeclaring math symbol \Omega on input line 57.
LaTeX Font Info:    Redeclaring math symbol \mathdollar on input line 57.
LaTeX Font Info:    Redeclaring symbol font `operators' on input line 57.
LaTeX Font Info:    Encoding `OT1' has changed to `EU1' for symbol font
(Font)              `operators' in the math version `normal' on input line 57.
LaTeX Font Info:    Overwriting symbol font `operators' in version `normal'
(Font)                  OT1/cmr/m/n --> EU1/Ubuntu(1)/m/n on input line 57.
LaTeX Font Info:    Encoding `OT1' has changed to `EU1' for symbol font
(Font)              `operators' in the math version `bold' on input line 57.
LaTeX Font Info:    Overwriting symbol font `operators' in version `bold'
(Font)                  OT1/cmr/bx/n --> EU1/Ubuntu(1)/m/n on input line 57.
LaTeX Font Info:    Overwriting symbol font `operators' in version `normal'
(Font)                  EU1/Ubuntu(1)/m/n --> EU1/Ubuntu(1)/m/n on input line 5
7.
LaTeX Font Info:    Overwriting math alphabet `\mathrm' in version `normal'
(Font)                  EU1/Ubuntu(1)/m/n --> EU1/Ubuntu(1)/m/n on input line 5
7.
LaTeX Font Info:    Overwriting math alphabet `\mathit' in version `normal'
(Font)                  OT1/cmr/m/it --> EU1/Ubuntu(1)/m/it on input line 57.
LaTeX Font Info:    Overwriting math alphabet `\mathbf' in version `normal'
(Font)                  OT1/cmr/bx/n --> EU1/Ubuntu(1)/bx/n on input line 57.
LaTeX Font Info:    Overwriting math alphabet `\mathsf' in version `normal'
(Font)                  OT1/cmss/m/n --> EU1/FreeMono(0)/m/n on input line 57.
LaTeX Font Info:    Overwriting math alphabet `\mathtt' in version `normal'
(Font)                  OT1/cmtt/m/n --> EU1/LiberationMono(0)/m/n on input lin
e 57.
LaTeX Font Info:    Overwriting symbol font `operators' in version `bold'
(Font)                  EU1/Ubuntu(1)/m/n --> EU1/Ubuntu(1)/bx/n on input line 
57.
LaTeX Font Info:    Overwriting math alphabet `\mathrm' in version `bold'
(Font)                  EU1/Ubuntu(1)/m/n --> EU1/Ubuntu(1)/bx/n on input line 
57.
LaTeX Font Info:    Overwriting math alphabet `\mathit' in version `bold'
(Font)                  OT1/cmr/bx/it --> EU1/Ubuntu(1)/bx/it on input line 57.

LaTeX Font Info:    Overwriting math alphabet `\mathsf' in version `bold'
(Font)                  OT1/cmss/bx/n --> EU1/FreeMono(0)/bx/n on input line 57
.
LaTeX Font Info:    Overwriting math alphabet `\mathtt' in version `bold'
(Font)                  OT1/cmtt/m/n --> EU1/LiberationMono(0)/bx/n on input li
ne 57.
\c@lstlisting=\count139
File: mplablue.png Graphic file (type QTm)
<use  "mplablue.png" > [1

]

Package Fancyhdr Warning: \fancyhead's `E' option without twoside option is use
less on input line 60.


Package Fancyhdr Warning: \fancyhead's `E' option without twoside option is use
less on input line 60.

(./Vazou-Mpakali-Crypto11-Input.tex
LaTeX Font Info:    Try loading font information for U+msa on input line 17.

(/usr/share/texmf-texlive/tex/latex/amsfonts/umsa.fd
File: umsa.fd 2009/06/22 v3.00 AMS symbols A
)
LaTeX Font Info:    Try loading font information for U+msb on input line 17.

(/usr/share/texmf-texlive/tex/latex/amsfonts/umsb.fd
File: umsb.fd 2009/06/22 v3.00 AMS symbols B
)
LaTeX Font Info:    Font shape `EU1/Ubuntu(1)/m/sc' undefined
(Font)              using `EU1/Ubuntu(1)/m/n' instead on input line 30.


Package Fancyhdr Warning: \headheight is too small (12.0pt): 
 Make it at least 13.59999pt.
 We now make it that large for the rest of the document.
 This may cause the page layout to be inconsistent, however.

[1]
Overfull \hbox (1.26485pt too wide) in paragraph at lines 52--53
[]\EU1/Ubuntu(1)/m/sc/10.95 Î¤Î± Ï„ÎµÎ»ÎµÏ…Ï„Î±Î¯Î± Ï‡ÏÏŒÎ½Î¹Î± Î­Ï‡Î¿Ï…Î½ Ï€Ï
Î¿Ï„Î±Î¸ÎµÎ¯ Ï€Î¿Î»Î»Î¬ ÎºÏÏ…Ï€Ï„Î¿ÏƒÏ…ÏƒÏ„Î®Î¼Î±Ï„Î± Ï€Î¿Ï… Î²Î±ÏƒÎ¯Î¶Î¿Î½Ï„
Î±Î¹ ÏƒÎµ Ï€ÏÎ¿-
 []


Package Fancyhdr Warning: \headheight is too small (12.0pt): 
 Make it at least 13.59999pt.
 We now make it that large for the rest of the document.
 This may cause the page layout to be inconsistent, however.

[2]
Overfull \hbox (0.20439pt too wide) in paragraph at lines 85--89
 \EU1/Ubuntu(1)/bx/n/10.95 Î ÏÏ‰Ï„ÏŒÎºÎ¿Î»Î»Î¿ Î±Î½Ï„Î±Î»Î»Î±Î³Î®Ï‚ ÎºÎ»ÎµÎ¹Î´
Î¹Î¿Ï Ko-Lee-Cheon-Han-Kang-Park [[]] \EU1/Ubuntu(1)/m/sc/10.95 ÎˆÏƒÏ„Ï‰ $\OML
/cmm/m/it/10.95 G$
 []


Package Fancyhdr Warning: \headheight is too small (12.0pt): 
 Make it at least 13.59999pt.
 We now make it that large for the rest of the document.
 This may cause the page layout to be inconsistent, however.

[3]

Package Fancyhdr Warning: \headheight is too small (12.0pt): 
 Make it at least 13.59999pt.
 We now make it that large for the rest of the document.
 This may cause the page layout to be inconsistent, however.

[4]
File: 2.jpg Graphic file (type QTm)
 <use  "2.jpg" >
File: _2.jpg Graphic file (type QTm)
 <use  "_2.jpg" >
File: 113.jpg Graphic file (type QTm)
 <use  "113.jpg" >

LaTeX Warning: `h' float specifier changed to `ht'.

File: empty.jpg Graphic file (type QTm)
<use  "empty.jpg" >

Package Fancyhdr Warning: \headheight is too small (12.0pt): 
 Make it at least 13.59999pt.
 We now make it that large for the rest of the document.
 This may cause the page layout to be inconsistent, however.

[5]
File: 1213.jpg Graphic file (type QTm)
 <use  "1213.jpg" >

LaTeX Warning: `h' float specifier changed to `ht'.

File: delta.jpg Graphic file (type QTm)
<use  "delta.jpg" >

LaTeX Warning: `h' float specifier changed to `ht'.


Overfull \hbox (6.3046pt too wide) in paragraph at lines 216--219
[]\EU1/Ubuntu(1)/m/sc/10.95 Î“Î¹Î± Ï„Î·Î½ $\OML/cmm/m/it/10.95 B[]$ \EU1/Ubuntu
(1)/m/sc/10.95 Ï…Ï€Î¬ÏÏ‡Î¿Ï…Î½ Î±ÏÎºÎµÏ„Î­Ï‚ Î³Î½Ï‰ÏƒÏ„Î­Ï‚ ÎºÎ±Î½Î¿Î½Î¹ÎºÎ­Ï
‚ Î¼Î¿ÏÏ†Î­Ï‚, Î¿Î¹ Ï€Î¹Î¿ Î³Î½Ï‰ÏƒÏ„Î­Ï‚ ÎµÎº Ï„Ï‰Î½ Î¿Ï€Î¿Î¯Ï‰Î½
 []


Package Fancyhdr Warning: \headheight is too small (12.0pt): 
 Make it at least 13.59999pt.
 We now make it that large for the rest of the document.
 This may cause the page layout to be inconsistent, however.

[6]

Package Fancyhdr Warning: \headheight is too small (12.0pt): 
 Make it at least 13.59999pt.
 We now make it that large for the rest of the document.
 This may cause the page layout to be inconsistent, however.

[7]
Overfull \hbox (2.15617pt too wide) in paragraph at lines 240--241
[]\EU1/Ubuntu(1)/m/sc/10.95 Î“Î¹Î± ÎºÎ¬Î¸Îµ Î¸ÎµÏ„Î¹ÎºÎ® Î»Î­Î¾Î· $\OML/cmm/m/i
t/10.95 P$ \EU1/Ubuntu(1)/m/sc/10.95 Ï…Ï€Î¬ÏÏ‡ÎµÎ¹ Î¼Î¯Î± Î¼Î¿Î½Î±Î´Î¹ÎºÎ® Î±Ï
€Î¿ÏƒÏÎ½Î¸ÎµÏƒÎ· Ï€Î¿Ï… Î»Î­Î³ÎµÏ„Î±Î¹ left-weighted
 []


Package Fancyhdr Warning: \headheight is too small (12.0pt): 
 Make it at least 13.59999pt.
 We now make it that large for the rest of the document.
 This may cause the page layout to be inconsistent, however.

[8]

Package Fancyhdr Warning: \headheight is too small (12.0pt): 
 Make it at least 13.59999pt.
 We now make it that large for the rest of the document.
 This may cause the page layout to be inconsistent, however.

[9]

Package Fancyhdr Warning: \headheight is too small (12.0pt): 
 Make it at least 13.59999pt.
 We now make it that large for the rest of the document.
 This may cause the page layout to be inconsistent, however.

[10]) (./code.tex
Overfull \hbox (0.59215pt too wide) in paragraph at lines 46--49
[]$ \EU1/Ubuntu(1)/m/sc/10.95 Ï€Î¿Ï… Î´Î­Ï‡ÎµÏ„Î±Î¹ ÏƒÎ±Î½ Î¿ÏÎ¯ÏƒÎ¼Î±Ï„Î± Ï„Î
·Î½ Ï€Î±ÏÎ¬Î¼ÎµÏ„ÏÎ¿ $[]$, Î¼Î¹Î± Î±Î½Î±Ï€Î±ÏÎ¬ÏƒÏ„Î±ÏƒÎ·
 []

LaTeX Font Info:    Font shape `EU1/LiberationMono(0)/m/n' will be
(Font)              scaled to size 10.77756pt on input line 49.
LaTeX Font Info:    Font shape `EU1/LiberationMono(0)/m/n' will be
(Font)              scaled to size 8.85828pt on input line 49.
LaTeX Font Info:    Font shape `EU1/LiberationMono(0)/bx/n' will be
(Font)              scaled to size 8.85828pt on input line 50.

Package Fancyhdr Warning: \headheight is too small (12.0pt): 
 Make it at least 13.59999pt.
 We now make it that large for the rest of the document.
 This may cause the page layout to be inconsistent, however.

[11]
LaTeX Font Info:    Font shape `EU1/LiberationMono(0)/m/it' will be
(Font)              scaled to size 8.85828pt on input line 95.


Package Fancyhdr Warning: \headheight is too small (12.0pt): 
 Make it at least 13.59999pt.
 We now make it that large for the rest of the document.
 This may cause the page layout to be inconsistent, however.

[12]

Package Fancyhdr Warning: \headheight is too small (12.0pt): 
 Make it at least 13.59999pt.
 We now make it that large for the rest of the document.
 This may cause the page layout to be inconsistent, however.

[13]

Package Fancyhdr Warning: \headheight is too small (12.0pt): 
 Make it at least 13.59999pt.
 We now make it that large for the rest of the document.
 This may cause the page layout to be inconsistent, however.

[14]
Overfull \hbox (49.41656pt too wide) in paragraph at lines 246--247
[][][][][][][][][][][][][][][][][][][][][][][]  
 []


Overfull \hbox (60.0466pt too wide) in paragraph at lines 247--248
[][][][][][][][][][][][][][][][][][][][][]  
 []


Overfull \hbox (49.41656pt too wide) in paragraph at lines 252--253
[][][][][][][][][][][][][][][][][][][][][][][]  
 []


Overfull \hbox (86.62169pt too wide) in paragraph at lines 253--255
[][][][][][][][][][][][][][][][][][][][][]  
 []


Overfull \hbox (86.62169pt too wide) in paragraph at lines 257--258
[][][][][][][][][][][][][][][][][][][][][][][][][][][]  
 []


Overfull \hbox (65.36162pt too wide) in paragraph at lines 258--259
[][][][][][][][][][][][][][][][][][][][][]  
 []


Overfull \hbox (86.62169pt too wide) in paragraph at lines 259--260
[][][][][][][][][][][][][][][][][][][][][]  
 []


Overfull \hbox (86.62169pt too wide) in paragraph at lines 262--263
[][][][][][][][][][][][][][][][][][][][][][][][][][][]  
 []


Overfull \hbox (65.36162pt too wide) in paragraph at lines 263--264
[][][][][][][][][][][][][][][][][][][][][]  
 []


Overfull \hbox (86.62169pt too wide) in paragraph at lines 264--265
[][][][][][][][][][][][][][][][][][][][][]  
 []


Package Fancyhdr Warning: \headheight is too small (12.0pt): 
 Make it at least 13.59999pt.
 We now make it that large for the rest of the document.
 This may cause the page layout to be inconsistent, however.

[15]
Overfull \hbox (44.10155pt too wide) in paragraph at lines 273--274
[][][][][][][][][][][][][][][][][][][][][]  
 []


Overfull \hbox (65.36162pt too wide) in paragraph at lines 274--275
[][][][][][][][][][][][][][][][][][][][][]  
 []


Overfull \hbox (33.47151pt too wide) in paragraph at lines 275--276
[][][][][][][][][][][][][][][][][][][]  
 []


Overfull \hbox (44.10155pt too wide) in paragraph at lines 284--285
[][][][][][][][][][][][][][][][][][][][][]  
 []


Overfull \hbox (65.36162pt too wide) in paragraph at lines 285--286
[][][][][][][][][][][][][][][][][][][][][]  
 []


Overfull \hbox (33.47151pt too wide) in paragraph at lines 286--287
[][][][][][][][][][][][][][][][][][][]  
 []


Package Fancyhdr Warning: \headheight is too small (12.0pt): 
 Make it at least 13.59999pt.
 We now make it that large for the rest of the document.
 This may cause the page layout to be inconsistent, however.

[16]

Package Fancyhdr Warning: \headheight is too small (12.0pt): 
 Make it at least 13.59999pt.
 We now make it that large for the rest of the document.
 This may cause the page layout to be inconsistent, however.

[17]) (./concl.tex

Package Fancyhdr Warning: \headheight is too small (12.0pt): 
 Make it at least 13.59999pt.
 We now make it that large for the rest of the document.
 This may cause the page layout to be inconsistent, however.

[18]
Overfull \hbox (4.35272pt too wide) in paragraph at lines 5--7
[]\EU1/Ubuntu(1)/m/sc/10.95 ÎˆÏ€ÎµÎ¹Ï„Î± Ï€Î±ÏÎ¿Ï…ÏƒÎ¹Î¬ÏƒÏ„Î·ÎºÎµ Î¼Î¯Î± Ï…Î»
Î¿Ï€Î¿Î¯Î·ÏƒÎ· Î³Î¹Î± Ï„Î± Î´ÏÎ¿ Î±Ï…Ï„Î¬ ÎºÏÏ…Ï€Ï„Î¿ÏƒÏ…ÏƒÏ„Î®Î¼Î±Ï„Î± Î¼Îµ 
Ï„Î·Î½ Ï‡ÏÎ®ÏƒÎ·
 []

) (./Vazou-Mpakali-crypto11.bbl
Underfull \hbox (badness 3128) in paragraph at lines 10--13
[]\EU1/Ubuntu(1)/m/sc/10.95 Simon R. Blackburn, Carlos Cid, and Ciaran Mullan. 
 Group theory in
 []


Package Fancyhdr Warning: \headheight is too small (12.0pt): 
 Make it at least 13.59999pt.
 We now make it that large for the rest of the document.
 This may cause the page layout to be inconsistent, however.

[19]
Underfull \hbox (badness 1755) in paragraph at lines 34--37
[]\EU1/Ubuntu(1)/m/sc/10.95 H. Garside.  The braid group and other groups.  \EU
1/Ubuntu(1)/m/it/10.95 Quarterly Journal of
 []


Underfull \hbox (badness 1701) in paragraph at lines 39--46
[]\EU1/Ubuntu(1)/m/sc/10.95 Dennis Hofheinz and Rainer Steinw.  A practical att
ack on some braid
 []

)

Package Fancyhdr Warning: \headheight is too small (12.0pt): 
 Make it at least 13.59999pt.
 We now make it that large for the rest of the document.
 This may cause the page layout to be inconsistent, however.

[20] (./Vazou-Mpakali-crypto11.aux)
LaTeX Font Info:    Some font shapes were not available, defaults substituted.
 ) 
Here is how much of TeX's memory you used:
 11543 strings out of 495692
 163395 string characters out of 1188029
 362953 words of memory out of 3000000
 14451 multiletter control sequences out of 15000+50000
 9743 words of font info for 78 fonts, out of 3000000 for 9000
 29 hyphenation exceptions out of 8191
 35i,12n,72p,606b,1618s stack positions out of 5000i,500n,10000p,200000b,50000s

Output written on Vazou-Mpakali-crypto11.pdf (21 pages).
